# JRE version: OpenJDK Runtime Environment Temurin-21.0.7+6 (21.0.7+6) (build 21.0.7+6-LTS)
# Java VM: OpenJDK 64-Bit Server VM Temurin-21.0.7+6 (21.0.7+6-LTS, mixed mode, sharing, tiered, compressed oops, compressed class ptrs, parallel gc, windows-amd64)
GC Precious Log:
 CardTable entry size: 512
 CPUs: 16 total, 16 available
 Memory: 16052M
 Large Page Support: Disabled
 NUMA Support: Disabled
 Compressed Oops: Enabled (32-bit)
 Alignments: Space 512K, Generation 512K, Heap 2M
 Heap Min Capacity: 100M
 Heap Initial Capacity: 100M
 Heap Max Capacity: 2G
 Pre-touch: Disabled
 Parallel Workers: 13
Heap:
 PSYoungGen      total 11776K, used 3155K [0x00000000d5580000, 0x00000000d6580000, 0x0000000100000000)
  eden space 10752K, 24% used [0x00000000d5580000,0x00000000d581cd18,0x00000000d6000000)
  from space 1024K, 46% used [0x00000000d6400000,0x00000000d6478000,0x00000000d6500000)
  to   space 512K, 0% used [0x00000000d6500000,0x00000000d6500000,0x00000000d6580000)
 ParOldGen       total 760320K, used 760075K [0x0000000080000000, 0x00000000ae680000, 0x00000000d5580000)
  object space 760320K, 99% used [0x0000000080000000,0x00000000ae642e58,0x00000000ae680000)
 Metaspace       used 69998K, committed 71616K, reserved 1114112K
  class space    used 7344K, committed 8064K, reserved 1048576K
GC Heap History (20 events):
Event: 26.643 GC heap before
{Heap before GC invocations=1435 (full 3):
 PSYoungGen      total 12288K, used 11440K [0x00000000d5580000, 0x00000000d6780000, 0x0000000100000000)
  eden space 10752K, 100% used [0x00000000d5580000,0x00000000d6000000,0x00000000d6000000)
  from space 1536K, 44% used [0x00000000d6500000,0x00000000d65ac1b8,0x00000000d6680000)
  to   space 1024K, 0% used [0x00000000d6680000,0x00000000d6680000,0x00000000d6780000)
 ParOldGen       total 755712K, used 755506K [0x0000000080000000, 0x00000000ae200000, 0x00000000d5580000)
  object space 755712K, 99% used [0x0000000080000000,0x00000000ae1ccb00,0x00000000ae200000)
 Metaspace       used 69984K, committed 71616K, reserved 1114112K
  class space    used 7344K, committed 8064K, reserved 1048576K
}
Event: 26.645 GC heap after
{Heap after GC invocations=1435 (full 3):
 PSYoungGen      total 11264K, used 416K [0x00000000d5580000, 0x00000000d6700000, 0x0000000100000000)
  eden space 10752K, 0% used [0x00000000d5580000,0x00000000d5580000,0x00000000d6000000)
  from space 512K, 81% used [0x00000000d6680000,0x00000000d66e8000,0x00000000d6700000)
  to   space 1024K, 0% used [0x00000000d6500000,0x00000000d6500000,0x00000000d6600000)
 ParOldGen       total 756224K, used 755835K [0x0000000080000000, 0x00000000ae280000, 0x00000000d5580000)
  object space 756224K, 99% used [0x0000000080000000,0x00000000ae21efc8,0x00000000ae280000)
 Metaspace       used 69984K, committed 71616K, reserved 1114112K
  class space    used 7344K, committed 8064K, reserved 1048576K
}
Event: 26.672 GC heap before
{Heap before GC invocations=1436 (full 3):
 PSYoungGen      total 11264K, used 11168K [0x00000000d5580000, 0x00000000d6700000, 0x0000000100000000)
  eden space 10752K, 100% used [0x00000000d5580000,0x00000000d6000000,0x00000000d6000000)
  from space 512K, 81% used [0x00000000d6680000,0x00000000d66e8000,0x00000000d6700000)
  to   space 1024K, 0% used [0x00000000d6500000,0x00000000d6500000,0x00000000d6600000)
 ParOldGen       total 756224K, used 755835K [0x0000000080000000, 0x00000000ae280000, 0x00000000d5580000)
  object space 756224K, 99% used [0x0000000080000000,0x00000000ae21efc8,0x00000000ae280000)
 Metaspace       used 69984K, committed 71616K, reserved 1114112K
  class space    used 7344K, committed 8064K, reserved 1048576K
}
Event: 26.674 GC heap after
{Heap after GC invocations=1436 (full 3):
 PSYoungGen      total 11776K, used 696K [0x00000000d5580000, 0x00000000d6700000, 0x0000000100000000)
  eden space 10752K, 0% used [0x00000000d5580000,0x00000000d5580000,0x00000000d6000000)
  from space 1024K, 68% used [0x00000000d6500000,0x00000000d65ae1f0,0x00000000d6600000)
  to   space 1024K, 0% used [0x00000000d6600000,0x00000000d6600000,0x00000000d6700000)
 ParOldGen       total 756224K, used 755971K [0x0000000080000000, 0x00000000ae280000, 0x00000000d5580000)
  object space 756224K, 99% used [0x0000000080000000,0x00000000ae240fc8,0x00000000ae280000)
 Metaspace       used 69984K, committed 71616K, reserved 1114112K
  class space    used 7344K, committed 8064K, reserved 1048576K
}
Event: 26.687 GC heap before
{Heap before GC invocations=1437 (full 3):
 PSYoungGen      total 11776K, used 11448K [0x00000000d5580000, 0x00000000d6700000, 0x0000000100000000)
  eden space 10752K, 100% used [0x00000000d5580000,0x00000000d6000000,0x00000000d6000000)
  from space 1024K, 68% used [0x00000000d6500000,0x00000000d65ae1f0,0x00000000d6600000)
  to   space 1024K, 0% used [0x00000000d6600000,0x00000000d6600000,0x00000000d6700000)
 ParOldGen       total 756224K, used 755971K [0x0000000080000000, 0x00000000ae280000, 0x00000000d5580000)
  object space 756224K, 99% used [0x0000000080000000,0x00000000ae240fc8,0x00000000ae280000)
 Metaspace       used 69984K, committed 71616K, reserved 1114112K
  class space    used 7344K, committed 8064K, reserved 1048576K
}
Event: 26.689 GC heap after
{Heap after GC invocations=1437 (full 3):
 PSYoungGen      total 11264K, used 416K [0x00000000d5580000, 0x00000000d6680000, 0x0000000100000000)
  eden space 10752K, 0% used [0x00000000d5580000,0x00000000d5580000,0x00000000d6000000)
  from space 512K, 81% used [0x00000000d6600000,0x00000000d6668000,0x00000000d6680000)
  to   space 1024K, 0% used [0x00000000d6480000,0x00000000d6480000,0x00000000d6580000)
 ParOldGen       total 756736K, used 756447K [0x0000000080000000, 0x00000000ae300000, 0x00000000d5580000)
  object space 756736K, 99% used [0x0000000080000000,0x00000000ae2b7d28,0x00000000ae300000)
 Metaspace       used 69984K, committed 71616K, reserved 1114112K
  class space    used 7344K, committed 8064K, reserved 1048576K
}
Event: 26.705 GC heap before
{Heap before GC invocations=1438 (full 3):
 PSYoungGen      total 11264K, used 11168K [0x00000000d5580000, 0x00000000d6680000, 0x0000000100000000)
  eden space 10752K, 100% used [0x00000000d5580000,0x00000000d6000000,0x00000000d6000000)
  from space 512K, 81% used [0x00000000d6600000,0x00000000d6668000,0x00000000d6680000)
  to   space 1024K, 0% used [0x00000000d6480000,0x00000000d6480000,0x00000000d6580000)
 ParOldGen       total 756736K, used 756447K [0x0000000080000000, 0x00000000ae300000, 0x00000000d5580000)
  object space 756736K, 99% used [0x0000000080000000,0x00000000ae2b7d28,0x00000000ae300000)
 Metaspace       used 69984K, committed 71616K, reserved 1114112K
  class space    used 7344K, committed 8064K, reserved 1048576K
}
Event: 26.707 GC heap after
{Heap after GC invocations=1438 (full 3):
 PSYoungGen      total 11776K, used 416K [0x00000000d5580000, 0x00000000d6680000, 0x0000000100000000)
  eden space 10752K, 0% used [0x00000000d5580000,0x00000000d5580000,0x00000000d6000000)
  from space 1024K, 40% used [0x00000000d6480000,0x00000000d64e8000,0x00000000d6580000)
  to   space 512K, 0% used [0x00000000d6600000,0x00000000d6600000,0x00000000d6680000)
 ParOldGen       total 756736K, used 756655K [0x0000000080000000, 0x00000000ae300000, 0x00000000d5580000)
  object space 756736K, 99% used [0x0000000080000000,0x00000000ae2ebd28,0x00000000ae300000)
 Metaspace       used 69984K, committed 71616K, reserved 1114112K
  class space    used 7344K, committed 8064K, reserved 1048576K
}
Event: 26.736 GC heap before
{Heap before GC invocations=1439 (full 3):
 PSYoungGen      total 11776K, used 11168K [0x00000000d5580000, 0x00000000d6680000, 0x0000000100000000)
  eden space 10752K, 100% used [0x00000000d5580000,0x00000000d6000000,0x00000000d6000000)
  from space 1024K, 40% used [0x00000000d6480000,0x00000000d64e8000,0x00000000d6580000)
  to   space 512K, 0% used [0x00000000d6600000,0x00000000d6600000,0x00000000d6680000)
 ParOldGen       total 756736K, used 756655K [0x0000000080000000, 0x00000000ae300000, 0x00000000d5580000)
  object space 756736K, 99% used [0x0000000080000000,0x00000000ae2ebd28,0x00000000ae300000)
 Metaspace       used 69987K, committed 71616K, reserved 1114112K
  class space    used 7344K, committed 8064K, reserved 1048576K
}
Event: 26.738 GC heap after
{Heap after GC invocations=1439 (full 3):
 PSYoungGen      total 11264K, used 482K [0x00000000d5580000, 0x00000000d6680000, 0x0000000100000000)
  eden space 10752K, 0% used [0x00000000d5580000,0x00000000d5580000,0x00000000d6000000)
  from space 512K, 94% used [0x00000000d6600000,0x00000000d6678940,0x00000000d6680000)
  to   space 1024K, 0% used [0x00000000d6480000,0x00000000d6480000,0x00000000d6580000)
 ParOldGen       total 757248K, used 756967K [0x0000000080000000, 0x00000000ae380000, 0x00000000d5580000)
  object space 757248K, 99% used [0x0000000080000000,0x00000000ae339d28,0x00000000ae380000)
 Metaspace       used 69987K, committed 71616K, reserved 1114112K
  class space    used 7344K, committed 8064K, reserved 1048576K
}
Event: 26.753 GC heap before
{Heap before GC invocations=1440 (full 3):
 PSYoungGen      total 11264K, used 11234K [0x00000000d5580000, 0x00000000d6680000, 0x0000000100000000)
  eden space 10752K, 100% used [0x00000000d5580000,0x00000000d6000000,0x00000000d6000000)
  from space 512K, 94% used [0x00000000d6600000,0x00000000d6678940,0x00000000d6680000)
  to   space 1024K, 0% used [0x00000000d6480000,0x00000000d6480000,0x00000000d6580000)
 ParOldGen       total 757248K, used 756967K [0x0000000080000000, 0x00000000ae380000, 0x00000000d5580000)
  object space 757248K, 99% used [0x0000000080000000,0x00000000ae339d28,0x00000000ae380000)
 Metaspace       used 69989K, committed 71616K, reserved 1114112K
  class space    used 7344K, committed 8064K, reserved 1048576K
}
Event: 26.756 GC heap after
{Heap after GC invocations=1440 (full 3):
 PSYoungGen      total 11776K, used 625K [0x00000000d5580000, 0x00000000d6680000, 0x0000000100000000)
  eden space 10752K, 0% used [0x00000000d5580000,0x00000000d5580000,0x00000000d6000000)
  from space 1024K, 61% used [0x00000000d6480000,0x00000000d651c728,0x00000000d6580000)
  to   space 1024K, 0% used [0x00000000d6580000,0x00000000d6580000,0x00000000d6680000)
 ParOldGen       total 757760K, used 757318K [0x0000000080000000, 0x00000000ae400000, 0x00000000d5580000)
  object space 757760K, 99% used [0x0000000080000000,0x00000000ae391830,0x00000000ae400000)
 Metaspace       used 69989K, committed 71616K, reserved 1114112K
  class space    used 7344K, committed 8064K, reserved 1048576K
}
Event: 26.775 GC heap before
{Heap before GC invocations=1441 (full 3):
 PSYoungGen      total 11776K, used 11377K [0x00000000d5580000, 0x00000000d6680000, 0x0000000100000000)
  eden space 10752K, 100% used [0x00000000d5580000,0x00000000d6000000,0x00000000d6000000)
  from space 1024K, 61% used [0x00000000d6480000,0x00000000d651c728,0x00000000d6580000)
  to   space 1024K, 0% used [0x00000000d6580000,0x00000000d6580000,0x00000000d6680000)
 ParOldGen       total 757760K, used 757318K [0x0000000080000000, 0x00000000ae400000, 0x00000000d5580000)
  object space 757760K, 99% used [0x0000000080000000,0x00000000ae391830,0x00000000ae400000)
 Metaspace       used 69989K, committed 71616K, reserved 1114112K
  class space    used 7344K, committed 8064K, reserved 1048576K
}
Event: 26.777 GC heap after
{Heap after GC invocations=1441 (full 3):
 PSYoungGen      total 11264K, used 320K [0x00000000d5580000, 0x00000000d6600000, 0x0000000100000000)
  eden space 10752K, 0% used [0x00000000d5580000,0x00000000d5580000,0x00000000d6000000)
  from space 512K, 62% used [0x00000000d6580000,0x00000000d65d0000,0x00000000d6600000)
  to   space 512K, 0% used [0x00000000d6500000,0x00000000d6500000,0x00000000d6580000)
 ParOldGen       total 757760K, used 757640K [0x0000000080000000, 0x00000000ae400000, 0x00000000d5580000)
  object space 757760K, 99% used [0x0000000080000000,0x00000000ae3e2160,0x00000000ae400000)
 Metaspace       used 69989K, committed 71616K, reserved 1114112K
  class space    used 7344K, committed 8064K, reserved 1048576K
}
Event: 26.796 GC heap before
{Heap before GC invocations=1442 (full 3):
 PSYoungGen      total 11264K, used 11072K [0x00000000d5580000, 0x00000000d6600000, 0x0000000100000000)
  eden space 10752K, 100% used [0x00000000d5580000,0x00000000d6000000,0x00000000d6000000)
  from space 512K, 62% used [0x00000000d6580000,0x00000000d65d0000,0x00000000d6600000)
  to   space 512K, 0% used [0x00000000d6500000,0x00000000d6500000,0x00000000d6580000)
 ParOldGen       total 757760K, used 757640K [0x0000000080000000, 0x00000000ae400000, 0x00000000d5580000)
  object space 757760K, 99% used [0x0000000080000000,0x00000000ae3e2160,0x00000000ae400000)
 Metaspace       used 69998K, committed 71616K, reserved 1114112K
  class space    used 7344K, committed 8064K, reserved 1048576K
}
Event: 26.798 GC heap after
{Heap after GC invocations=1442 (full 3):
 PSYoungGen      total 11264K, used 487K [0x00000000d5580000, 0x00000000d6600000, 0x0000000100000000)
  eden space 10752K, 0% used [0x00000000d5580000,0x00000000d5580000,0x00000000d6000000)
  from space 512K, 95% used [0x00000000d6500000,0x00000000d6579c68,0x00000000d6580000)
  to   space 512K, 0% used [0x00000000d6580000,0x00000000d6580000,0x00000000d6600000)
 ParOldGen       total 758784K, used 758632K [0x0000000080000000, 0x00000000ae500000, 0x00000000d5580000)
  object space 758784K, 99% used [0x0000000080000000,0x00000000ae4da268,0x00000000ae500000)
 Metaspace       used 69998K, committed 71616K, reserved 1114112K
  class space    used 7344K, committed 8064K, reserved 1048576K
}
Event: 26.817 GC heap before
{Heap before GC invocations=1443 (full 3):
 PSYoungGen      total 11264K, used 11239K [0x00000000d5580000, 0x00000000d6600000, 0x0000000100000000)
  eden space 10752K, 100% used [0x00000000d5580000,0x00000000d6000000,0x00000000d6000000)
  from space 512K, 95% used [0x00000000d6500000,0x00000000d6579c68,0x00000000d6580000)
  to   space 512K, 0% used [0x00000000d6580000,0x00000000d6580000,0x00000000d6600000)
 ParOldGen       total 758784K, used 758632K [0x0000000080000000, 0x00000000ae500000, 0x00000000d5580000)
  object space 758784K, 99% used [0x0000000080000000,0x00000000ae4da268,0x00000000ae500000)
 Metaspace       used 69998K, committed 71616K, reserved 1114112K
  class space    used 7344K, committed 8064K, reserved 1048576K
}
Event: 26.819 GC heap after
{Heap after GC invocations=1443 (full 3):
 PSYoungGen      total 11264K, used 512K [0x00000000d5580000, 0x00000000d6600000, 0x0000000100000000)
  eden space 10752K, 0% used [0x00000000d5580000,0x00000000d5580000,0x00000000d6000000)
  from space 512K, 100% used [0x00000000d6580000,0x00000000d6600000,0x00000000d6600000)
  to   space 1024K, 0% used [0x00000000d6400000,0x00000000d6400000,0x00000000d6500000)
 ParOldGen       total 759296K, used 759019K [0x0000000080000000, 0x00000000ae580000, 0x00000000d5580000)
  object space 759296K, 99% used [0x0000000080000000,0x00000000ae53ae48,0x00000000ae580000)
 Metaspace       used 69998K, committed 71616K, reserved 1114112K
  class space    used 7344K, committed 8064K, reserved 1048576K
}
Event: 26.834 GC heap before
{Heap before GC invocations=1444 (full 3):
 PSYoungGen      total 11264K, used 11264K [0x00000000d5580000, 0x00000000d6600000, 0x0000000100000000)
  eden space 10752K, 100% used [0x00000000d5580000,0x00000000d6000000,0x00000000d6000000)
  from space 512K, 100% used [0x00000000d6580000,0x00000000d6600000,0x00000000d6600000)
  to   space 1024K, 0% used [0x00000000d6400000,0x00000000d6400000,0x00000000d6500000)
 ParOldGen       total 759296K, used 759019K [0x0000000080000000, 0x00000000ae580000, 0x00000000d5580000)
  object space 759296K, 99% used [0x0000000080000000,0x00000000ae53ae48,0x00000000ae580000)
 Metaspace       used 69998K, committed 71616K, reserved 1114112K
  class space    used 7344K, committed 8064K, reserved 1048576K
}
Event: 26.836 GC heap after
{Heap after GC invocations=1444 (full 3):
 PSYoungGen      total 11776K, used 672K [0x00000000d5580000, 0x00000000d6600000, 0x0000000100000000)
  eden space 10752K, 0% used [0x00000000d5580000,0x00000000d5580000,0x00000000d6000000)
  from space 1024K, 65% used [0x00000000d6400000,0x00000000d64a8000,0x00000000d6500000)
  to   space 1024K, 0% used [0x00000000d6500000,0x00000000d6500000,0x00000000d6600000)
 ParOldGen       total 759808K, used 759387K [0x0000000080000000, 0x00000000ae600000, 0x00000000d5580000)
  object space 759808K, 99% used [0x0000000080000000,0x00000000ae596e48,0x00000000ae600000)
 Metaspace       used 69998K, committed 71616K, reserved 1114112K
  class space    used 7344K, committed 8064K, reserved 1048576K
}

