# JRE version: OpenJDK Runtime Environment Temurin-17.0.10+7 (17.0.10+7) (build 17.0.10+7)
# Java VM: OpenJDK 64-Bit Server VM Temurin-17.0.10+7 (17.0.10+7, mixed mode, sharing, tiered, compressed oops, compressed class ptrs, g1 gc, windows-amd64)
GC Precious Log:
 CPUs: 16 total, 16 available
 Memory: 16052M
 Large Page Support: Disabled
 NUMA Support: Disabled
 Compressed Oops: Enabled (Zero based)
 Heap Region Size: 2M
 Heap Min Capacity: 8M
 Heap Initial Capacity: 252M
 Heap Max Capacity: 4014M
 Pre-touch: Disabled
 Parallel Workers: 13
 Concurrent Workers: 3
 Concurrent Refinement Workers: 13
 Periodic GC: Disabled
Heap:
 garbage-first heap   total 61440K, used 20930K [0x0000000705200000, 0x0000000800000000)
  region size 2048K, 2 young (4096K), 2 survivors (4096K)
 Metaspace       used 41067K, committed 41472K, reserved 1114112K
  class space    used 5337K, committed 5504K, reserved 1048576K
GC Heap History (15 events):
Event: 0.546 GC heap before
{Heap before GC invocations=0 (full 0):
 garbage-first heap   total 258048K, used 22528K [0x0000000705200000, 0x0000000800000000)
  region size 2048K, 11 young (22528K), 0 survivors (0K)
 Metaspace       used 5003K, committed 5184K, reserved 1114112K
  class space    used 566K, committed 640K, reserved 1048576K
}
Event: 0.551 GC heap after
{Heap after GC invocations=1 (full 0):
 garbage-first heap   total 258048K, used 6428K [0x0000000705200000, 0x0000000800000000)
  region size 2048K, 2 young (4096K), 2 survivors (4096K)
 Metaspace       used 5003K, committed 5184K, reserved 1114112K
  class space    used 566K, committed 640K, reserved 1048576K
}
Event: 0.981 GC heap before
{Heap before GC invocations=1 (full 0):
 garbage-first heap   total 258048K, used 33052K [0x0000000705200000, 0x0000000800000000)
  region size 2048K, 15 young (30720K), 2 survivors (4096K)
 Metaspace       used 11608K, committed 11840K, reserved 1114112K
  class space    used 1394K, committed 1472K, reserved 1048576K
}
Event: 0.985 GC heap after
{Heap after GC invocations=2 (full 0):
 garbage-first heap   total 258048K, used 8840K [0x0000000705200000, 0x0000000800000000)
  region size 2048K, 2 young (4096K), 2 survivors (4096K)
 Metaspace       used 11608K, committed 11840K, reserved 1114112K
  class space    used 1394K, committed 1472K, reserved 1048576K
}
Event: 2.038 GC heap before
{Heap before GC invocations=2 (full 0):
 garbage-first heap   total 258048K, used 70280K [0x0000000705200000, 0x0000000800000000)
  region size 2048K, 33 young (67584K), 2 survivors (4096K)
 Metaspace       used 21245K, committed 21504K, reserved 1114112K
  class space    used 2610K, committed 2752K, reserved 1048576K
}
Event: 2.044 GC heap after
{Heap after GC invocations=3 (full 0):
 garbage-first heap   total 258048K, used 13273K [0x0000000705200000, 0x0000000800000000)
  region size 2048K, 4 young (8192K), 4 survivors (8192K)
 Metaspace       used 21245K, committed 21504K, reserved 1114112K
  class space    used 2610K, committed 2752K, reserved 1048576K
}
Event: 2.665 GC heap before
{Heap before GC invocations=4 (full 0):
 garbage-first heap   total 61440K, used 41945K [0x0000000705200000, 0x0000000800000000)
  region size 2048K, 18 young (36864K), 4 survivors (8192K)
 Metaspace       used 25911K, committed 26368K, reserved 1114112K
  class space    used 3316K, committed 3520K, reserved 1048576K
}
Event: 2.672 GC heap after
{Heap after GC invocations=5 (full 0):
 garbage-first heap   total 61440K, used 15922K [0x0000000705200000, 0x0000000800000000)
  region size 2048K, 2 young (4096K), 2 survivors (4096K)
 Metaspace       used 25911K, committed 26368K, reserved 1114112K
  class space    used 3316K, committed 3520K, reserved 1048576K
}
Event: 2.720 GC heap before
{Heap before GC invocations=5 (full 0):
 garbage-first heap   total 61440K, used 17970K [0x0000000705200000, 0x0000000800000000)
  region size 2048K, 3 young (6144K), 2 survivors (4096K)
 Metaspace       used 26514K, committed 26880K, reserved 1114112K
  class space    used 3366K, committed 3520K, reserved 1048576K
}
Event: 2.723 GC heap after
{Heap after GC invocations=6 (full 0):
 garbage-first heap   total 61440K, used 16689K [0x0000000705200000, 0x0000000800000000)
  region size 2048K, 1 young (2048K), 1 survivors (2048K)
 Metaspace       used 26514K, committed 26880K, reserved 1114112K
  class space    used 3366K, committed 3520K, reserved 1048576K
}
Event: 3.538 GC heap before
{Heap before GC invocations=6 (full 0):
 garbage-first heap   total 61440K, used 39217K [0x0000000705200000, 0x0000000800000000)
  region size 2048K, 13 young (26624K), 1 survivors (2048K)
 Metaspace       used 30967K, committed 31424K, reserved 1114112K
  class space    used 3889K, committed 4096K, reserved 1048576K
}
Event: 3.541 GC heap after
{Heap after GC invocations=7 (full 0):
 garbage-first heap   total 61440K, used 17998K [0x0000000705200000, 0x0000000800000000)
  region size 2048K, 2 young (4096K), 2 survivors (4096K)
 Metaspace       used 30967K, committed 31424K, reserved 1114112K
  class space    used 3889K, committed 4096K, reserved 1048576K
}
Event: 4.030 GC heap before
{Heap before GC invocations=7 (full 0):
 garbage-first heap   total 61440K, used 34382K [0x0000000705200000, 0x0000000800000000)
  region size 2048K, 11 young (22528K), 2 survivors (4096K)
 Metaspace       used 35552K, committed 35968K, reserved 1114112K
  class space    used 4462K, committed 4672K, reserved 1048576K
}
Event: 4.032 GC heap after
{Heap after GC invocations=8 (full 0):
 garbage-first heap   total 61440K, used 19634K [0x0000000705200000, 0x0000000800000000)
  region size 2048K, 2 young (4096K), 2 survivors (4096K)
 Metaspace       used 35552K, committed 35968K, reserved 1114112K
  class space    used 4462K, committed 4672K, reserved 1048576K
}
Event: 4.555 GC heap before
{Heap before GC invocations=9 (full 0):
 garbage-first heap   total 61440K, used 44210K [0x0000000705200000, 0x0000000800000000)
  region size 2048K, 14 young (28672K), 2 survivors (4096K)
 Metaspace       used 41067K, committed 41472K, reserved 1114112K
  class space    used 5337K, committed 5504K, reserved 1048576K
}

