# JRE version: OpenJDK Runtime Environment Temurin-21.0.8+9 (21.0.8+9) (build 21.0.8+9-LTS)
# Java VM: OpenJDK 64-Bit Server VM Temurin-21.0.8+9 (21.0.8+9-LTS, mixed mode, sharing, tiered, compressed oops, compressed class ptrs, parallel gc, windows-amd64)
GC Precious Log:
 CardTable entry size: 512
 CPUs: 16 total, 16 available
 Memory: 16052M
 Large Page Support: Disabled
 NUMA Support: Disabled
 Compressed Oops: Enabled (32-bit)
 Alignments: Space 512K, Generation 512K, Heap 2M
 Heap Min Capacity: 100M
 Heap Initial Capacity: 100M
 Heap Max Capacity: 2G
 Pre-touch: Disabled
 Parallel Workers: 13
Heap:
 PSYoungGen      total 17920K, used 8620K [0x00000000d5580000, 0x00000000d7100000, 0x0000000100000000)
  eden space 11776K, 22% used [0x00000000d5580000,0x00000000d5820138,0x00000000d6100000)
  from space 6144K, 96% used [0x00000000d6200000,0x00000000d67cb210,0x00000000d6800000)
  to   space 8192K, 0% used [0x00000000d6900000,0x00000000d6900000,0x00000000d7100000)
 ParOldGen       total 145920K, used 145742K [0x0000000080000000, 0x0000000088e80000, 0x00000000d5580000)
  object space 145920K, 99% used [0x0000000080000000,0x0000000088e53b58,0x0000000088e80000)
 Metaspace       used 72984K, committed 74560K, reserved 1179648K
  class space    used 7759K, committed 8448K, reserved 1048576K
GC Heap History (20 events):
Event: 11.047 GC heap before
{Heap before GC invocations=58 (full 3):
 PSYoungGen      total 20992K, used 20960K [0x00000000d5580000, 0x00000000d6d00000, 0x0000000100000000)
  eden space 18944K, 100% used [0x00000000d5580000,0x00000000d6800000,0x00000000d6800000)
  from space 2048K, 98% used [0x00000000d6b00000,0x00000000d6cf8020,0x00000000d6d00000)
  to   space 2560K, 0% used [0x00000000d6800000,0x00000000d6800000,0x00000000d6a80000)
 ParOldGen       total 68608K, used 64730K [0x0000000080000000, 0x0000000084300000, 0x00000000d5580000)
  object space 68608K, 94% used [0x0000000080000000,0x0000000083f36858,0x0000000084300000)
 Metaspace       used 67586K, committed 68928K, reserved 1114112K
  class space    used 7194K, committed 7744K, reserved 1048576K
}
Event: 11.049 GC heap after
{Heap after GC invocations=58 (full 3):
 PSYoungGen      total 19968K, used 869K [0x00000000d5580000, 0x00000000d6b80000, 0x0000000100000000)
  eden space 18944K, 0% used [0x00000000d5580000,0x00000000d5580000,0x00000000d6800000)
  from space 1024K, 84% used [0x00000000d6800000,0x00000000d68d9420,0x00000000d6900000)
  to   space 1536K, 0% used [0x00000000d6a00000,0x00000000d6a00000,0x00000000d6b80000)
 ParOldGen       total 68608K, used 65530K [0x0000000080000000, 0x0000000084300000, 0x00000000d5580000)
  object space 68608K, 95% used [0x0000000080000000,0x0000000083ffe858,0x0000000084300000)
 Metaspace       used 67586K, committed 68928K, reserved 1114112K
  class space    used 7194K, committed 7744K, reserved 1048576K
}
Event: 11.743 GC heap before
{Heap before GC invocations=59 (full 3):
 PSYoungGen      total 19968K, used 19813K [0x00000000d5580000, 0x00000000d6b80000, 0x0000000100000000)
  eden space 18944K, 100% used [0x00000000d5580000,0x00000000d6800000,0x00000000d6800000)
  from space 1024K, 84% used [0x00000000d6800000,0x00000000d68d9420,0x00000000d6900000)
  to   space 1536K, 0% used [0x00000000d6a00000,0x00000000d6a00000,0x00000000d6b80000)
 ParOldGen       total 68608K, used 65530K [0x0000000080000000, 0x0000000084300000, 0x00000000d5580000)
  object space 68608K, 95% used [0x0000000080000000,0x0000000083ffe858,0x0000000084300000)
 Metaspace       used 68861K, committed 70336K, reserved 1114112K
  class space    used 7358K, committed 8000K, reserved 1048576K
}
Event: 11.744 GC heap after
{Heap after GC invocations=59 (full 3):
 PSYoungGen      total 19968K, used 664K [0x00000000d5580000, 0x00000000d6b00000, 0x0000000100000000)
  eden space 18944K, 0% used [0x00000000d5580000,0x00000000d5580000,0x00000000d6800000)
  from space 1024K, 64% used [0x00000000d6a00000,0x00000000d6aa61c8,0x00000000d6b00000)
  to   space 1024K, 0% used [0x00000000d6800000,0x00000000d6800000,0x00000000d6900000)
 ParOldGen       total 68608K, used 66140K [0x0000000080000000, 0x0000000084300000, 0x00000000d5580000)
  object space 68608K, 96% used [0x0000000080000000,0x00000000840971b8,0x0000000084300000)
 Metaspace       used 68861K, committed 70336K, reserved 1114112K
  class space    used 7358K, committed 8000K, reserved 1048576K
}
Event: 12.566 GC heap before
{Heap before GC invocations=60 (full 3):
 PSYoungGen      total 19968K, used 19608K [0x00000000d5580000, 0x00000000d6b00000, 0x0000000100000000)
  eden space 18944K, 100% used [0x00000000d5580000,0x00000000d6800000,0x00000000d6800000)
  from space 1024K, 64% used [0x00000000d6a00000,0x00000000d6aa61c8,0x00000000d6b00000)
  to   space 1024K, 0% used [0x00000000d6800000,0x00000000d6800000,0x00000000d6900000)
 ParOldGen       total 68608K, used 66140K [0x0000000080000000, 0x0000000084300000, 0x00000000d5580000)
  object space 68608K, 96% used [0x0000000080000000,0x00000000840971b8,0x0000000084300000)
 Metaspace       used 70326K, committed 71872K, reserved 1114112K
  class space    used 7501K, committed 8192K, reserved 1048576K
}
Event: 12.571 GC heap after
{Heap after GC invocations=60 (full 3):
 PSYoungGen      total 19968K, used 1005K [0x00000000d5580000, 0x00000000d6e00000, 0x0000000100000000)
  eden space 18944K, 0% used [0x00000000d5580000,0x00000000d5580000,0x00000000d6800000)
  from space 1024K, 98% used [0x00000000d6800000,0x00000000d68fb700,0x00000000d6900000)
  to   space 3072K, 0% used [0x00000000d6b00000,0x00000000d6b00000,0x00000000d6e00000)
 ParOldGen       total 68608K, used 67762K [0x0000000080000000, 0x0000000084300000, 0x00000000d5580000)
  object space 68608K, 98% used [0x0000000080000000,0x000000008422c908,0x0000000084300000)
 Metaspace       used 70326K, committed 71872K, reserved 1114112K
  class space    used 7501K, committed 8192K, reserved 1048576K
}
Event: 12.785 GC heap before
{Heap before GC invocations=61 (full 3):
 PSYoungGen      total 19968K, used 19094K [0x00000000d5580000, 0x00000000d6e00000, 0x0000000100000000)
  eden space 18944K, 95% used [0x00000000d5580000,0x00000000d672a238,0x00000000d6800000)
  from space 1024K, 98% used [0x00000000d6800000,0x00000000d68fb700,0x00000000d6900000)
  to   space 3072K, 0% used [0x00000000d6b00000,0x00000000d6b00000,0x00000000d6e00000)
 ParOldGen       total 68608K, used 67762K [0x0000000080000000, 0x0000000084300000, 0x00000000d5580000)
  object space 68608K, 98% used [0x0000000080000000,0x000000008422c908,0x0000000084300000)
 Metaspace       used 70973K, committed 72576K, reserved 1114112K
  class space    used 7564K, committed 8256K, reserved 1048576K
}
Event: 12.791 GC heap after
{Heap after GC invocations=61 (full 3):
 PSYoungGen      total 14848K, used 3045K [0x00000000d5580000, 0x00000000d7c00000, 0x0000000100000000)
  eden space 11776K, 0% used [0x00000000d5580000,0x00000000d5580000,0x00000000d6100000)
  from space 3072K, 99% used [0x00000000d6b00000,0x00000000d6df9708,0x00000000d6e00000)
  to   space 10240K, 0% used [0x00000000d6100000,0x00000000d6100000,0x00000000d6b00000)
 ParOldGen       total 74240K, used 73474K [0x0000000080000000, 0x0000000084880000, 0x00000000d5580000)
  object space 74240K, 98% used [0x0000000080000000,0x00000000847c0bd0,0x0000000084880000)
 Metaspace       used 70973K, committed 72576K, reserved 1114112K
  class space    used 7564K, committed 8256K, reserved 1048576K
}
Event: 12.872 GC heap before
{Heap before GC invocations=62 (full 3):
 PSYoungGen      total 14848K, used 14821K [0x00000000d5580000, 0x00000000d7c00000, 0x0000000100000000)
  eden space 11776K, 100% used [0x00000000d5580000,0x00000000d6100000,0x00000000d6100000)
  from space 3072K, 99% used [0x00000000d6b00000,0x00000000d6df9708,0x00000000d6e00000)
  to   space 10240K, 0% used [0x00000000d6100000,0x00000000d6100000,0x00000000d6b00000)
 ParOldGen       total 97280K, used 96454K [0x0000000080000000, 0x0000000085f00000, 0x00000000d5580000)
  object space 97280K, 99% used [0x0000000080000000,0x0000000085e31bf0,0x0000000085f00000)
 Metaspace       used 71161K, committed 72640K, reserved 1114112K
  class space    used 7591K, committed 8256K, reserved 1048576K
}
Event: 12.875 GC heap after
{Heap after GC invocations=62 (full 3):
 PSYoungGen      total 12800K, used 742K [0x00000000d5580000, 0x00000000d6b80000, 0x0000000100000000)
  eden space 11776K, 0% used [0x00000000d5580000,0x00000000d5580000,0x00000000d6100000)
  from space 1024K, 72% used [0x00000000d6100000,0x00000000d61b9a80,0x00000000d6200000)
  to   space 4096K, 0% used [0x00000000d6780000,0x00000000d6780000,0x00000000d6b80000)
 ParOldGen       total 97792K, used 97448K [0x0000000080000000, 0x0000000085f80000, 0x00000000d5580000)
  object space 97792K, 99% used [0x0000000080000000,0x0000000085f2a0c0,0x0000000085f80000)
 Metaspace       used 71161K, committed 72640K, reserved 1114112K
  class space    used 7591K, committed 8256K, reserved 1048576K
}
Event: 13.058 GC heap before
{Heap before GC invocations=63 (full 3):
 PSYoungGen      total 12800K, used 12518K [0x00000000d5580000, 0x00000000d6b80000, 0x0000000100000000)
  eden space 11776K, 100% used [0x00000000d5580000,0x00000000d6100000,0x00000000d6100000)
  from space 1024K, 72% used [0x00000000d6100000,0x00000000d61b9a80,0x00000000d6200000)
  to   space 4096K, 0% used [0x00000000d6780000,0x00000000d6780000,0x00000000d6b80000)
 ParOldGen       total 120320K, used 119467K [0x0000000080000000, 0x0000000087580000, 0x00000000d5580000)
  object space 120320K, 99% used [0x0000000080000000,0x00000000874aac00,0x0000000087580000)
 Metaspace       used 71794K, committed 73344K, reserved 1114112K
  class space    used 7650K, committed 8320K, reserved 1048576K
}
Event: 13.060 GC heap after
{Heap after GC invocations=63 (full 3):
 PSYoungGen      total 14336K, used 2455K [0x00000000d5580000, 0x00000000d6a00000, 0x0000000100000000)
  eden space 11776K, 0% used [0x00000000d5580000,0x00000000d5580000,0x00000000d6100000)
  from space 2560K, 95% used [0x00000000d6780000,0x00000000d69e5f18,0x00000000d6a00000)
  to   space 3072K, 0% used [0x00000000d6400000,0x00000000d6400000,0x00000000d6700000)
 ParOldGen       total 120320K, used 120044K [0x0000000080000000, 0x0000000087580000, 0x00000000d5580000)
  object space 120320K, 99% used [0x0000000080000000,0x000000008753b218,0x0000000087580000)
 Metaspace       used 71794K, committed 73344K, reserved 1114112K
  class space    used 7650K, committed 8320K, reserved 1048576K
}
Event: 13.147 GC heap before
{Heap before GC invocations=64 (full 3):
 PSYoungGen      total 14336K, used 14231K [0x00000000d5580000, 0x00000000d6a00000, 0x0000000100000000)
  eden space 11776K, 100% used [0x00000000d5580000,0x00000000d6100000,0x00000000d6100000)
  from space 2560K, 95% used [0x00000000d6780000,0x00000000d69e5f18,0x00000000d6a00000)
  to   space 3072K, 0% used [0x00000000d6400000,0x00000000d6400000,0x00000000d6700000)
 ParOldGen       total 120320K, used 120044K [0x0000000080000000, 0x0000000087580000, 0x00000000d5580000)
  object space 120320K, 99% used [0x0000000080000000,0x000000008753b218,0x0000000087580000)
 Metaspace       used 72052K, committed 73664K, reserved 1114112K
  class space    used 7679K, committed 8384K, reserved 1048576K
}
Event: 13.152 GC heap after
{Heap after GC invocations=64 (full 3):
 PSYoungGen      total 14848K, used 3066K [0x00000000d5580000, 0x00000000d7300000, 0x0000000100000000)
  eden space 11776K, 0% used [0x00000000d5580000,0x00000000d5580000,0x00000000d6100000)
  from space 3072K, 99% used [0x00000000d6400000,0x00000000d66fe828,0x00000000d6700000)
  to   space 9216K, 0% used [0x00000000d6a00000,0x00000000d6a00000,0x00000000d7300000)
 ParOldGen       total 124928K, used 124800K [0x0000000080000000, 0x0000000087a00000, 0x00000000d5580000)
  object space 124928K, 99% used [0x0000000080000000,0x00000000879e03b0,0x0000000087a00000)
 Metaspace       used 72052K, committed 73664K, reserved 1114112K
  class space    used 7679K, committed 8384K, reserved 1048576K
}
Event: 13.200 GC heap before
{Heap before GC invocations=65 (full 3):
 PSYoungGen      total 14848K, used 14842K [0x00000000d5580000, 0x00000000d7300000, 0x0000000100000000)
  eden space 11776K, 100% used [0x00000000d5580000,0x00000000d6100000,0x00000000d6100000)
  from space 3072K, 99% used [0x00000000d6400000,0x00000000d66fe828,0x00000000d6700000)
  to   space 9216K, 0% used [0x00000000d6a00000,0x00000000d6a00000,0x00000000d7300000)
 ParOldGen       total 124928K, used 124800K [0x0000000080000000, 0x0000000087a00000, 0x00000000d5580000)
  object space 124928K, 99% used [0x0000000080000000,0x00000000879e03b0,0x0000000087a00000)
 Metaspace       used 72299K, committed 73920K, reserved 1114112K
  class space    used 7695K, committed 8384K, reserved 1048576K
}
Event: 13.205 GC heap after
{Heap after GC invocations=65 (full 3):
 PSYoungGen      total 17920K, used 6115K [0x00000000d5580000, 0x00000000d7000000, 0x0000000100000000)
  eden space 11776K, 0% used [0x00000000d5580000,0x00000000d5580000,0x00000000d6100000)
  from space 6144K, 99% used [0x00000000d6a00000,0x00000000d6ff8c40,0x00000000d7000000)
  to   space 7168K, 0% used [0x00000000d6200000,0x00000000d6200000,0x00000000d6900000)
 ParOldGen       total 128000K, used 127880K [0x0000000080000000, 0x0000000087d00000, 0x00000000d5580000)
  object space 128000K, 99% used [0x0000000080000000,0x0000000087ce2388,0x0000000087d00000)
 Metaspace       used 72299K, committed 73920K, reserved 1114112K
  class space    used 7695K, committed 8384K, reserved 1048576K
}
Event: 13.246 GC heap before
{Heap before GC invocations=66 (full 3):
 PSYoungGen      total 17920K, used 17891K [0x00000000d5580000, 0x00000000d7000000, 0x0000000100000000)
  eden space 11776K, 100% used [0x00000000d5580000,0x00000000d6100000,0x00000000d6100000)
  from space 6144K, 99% used [0x00000000d6a00000,0x00000000d6ff8c40,0x00000000d7000000)
  to   space 7168K, 0% used [0x00000000d6200000,0x00000000d6200000,0x00000000d6900000)
 ParOldGen       total 128000K, used 127880K [0x0000000080000000, 0x0000000087d00000, 0x00000000d5580000)
  object space 128000K, 99% used [0x0000000080000000,0x0000000087ce2388,0x0000000087d00000)
 Metaspace       used 72693K, committed 74240K, reserved 1179648K
  class space    used 7746K, committed 8448K, reserved 1048576K
}
Event: 13.254 GC heap after
{Heap after GC invocations=66 (full 3):
 PSYoungGen      total 17920K, used 5657K [0x00000000d5580000, 0x00000000d6d00000, 0x0000000100000000)
  eden space 11776K, 0% used [0x00000000d5580000,0x00000000d5580000,0x00000000d6100000)
  from space 6144K, 92% used [0x00000000d6200000,0x00000000d67865d8,0x00000000d6800000)
  to   space 5120K, 0% used [0x00000000d6800000,0x00000000d6800000,0x00000000d6d00000)
 ParOldGen       total 134144K, used 133799K [0x0000000080000000, 0x0000000088300000, 0x00000000d5580000)
  object space 134144K, 99% used [0x0000000080000000,0x00000000882a9f88,0x0000000088300000)
 Metaspace       used 72693K, committed 74240K, reserved 1179648K
  class space    used 7746K, committed 8448K, reserved 1048576K
}
Event: 13.325 GC heap before
{Heap before GC invocations=67 (full 3):
 PSYoungGen      total 17920K, used 17433K [0x00000000d5580000, 0x00000000d6d00000, 0x0000000100000000)
  eden space 11776K, 100% used [0x00000000d5580000,0x00000000d6100000,0x00000000d6100000)
  from space 6144K, 92% used [0x00000000d6200000,0x00000000d67865d8,0x00000000d6800000)
  to   space 5120K, 0% used [0x00000000d6800000,0x00000000d6800000,0x00000000d6d00000)
 ParOldGen       total 134144K, used 133799K [0x0000000080000000, 0x0000000088300000, 0x00000000d5580000)
  object space 134144K, 99% used [0x0000000080000000,0x00000000882a9f88,0x0000000088300000)
 Metaspace       used 72804K, committed 74368K, reserved 1179648K
  class space    used 7751K, committed 8448K, reserved 1048576K
}
Event: 13.333 GC heap after
{Heap after GC invocations=67 (full 3):
 PSYoungGen      total 16896K, used 5112K [0x00000000d5580000, 0x00000000d6d00000, 0x0000000100000000)
  eden space 11776K, 0% used [0x00000000d5580000,0x00000000d5580000,0x00000000d6100000)
  from space 5120K, 99% used [0x00000000d6800000,0x00000000d6cfe2f0,0x00000000d6d00000)
  to   space 6144K, 0% used [0x00000000d6200000,0x00000000d6200000,0x00000000d6800000)
 ParOldGen       total 141312K, used 140814K [0x0000000080000000, 0x0000000088a00000, 0x00000000d5580000)
  object space 141312K, 99% used [0x0000000080000000,0x0000000088983b38,0x0000000088a00000)
 Metaspace       used 72804K, committed 74368K, reserved 1179648K
  class space    used 7751K, committed 8448K, reserved 1048576K
}

